<?xml version="1.0" encoding="UTF-8"?>
<robot generator="Robot 6.0.2 (Python 3.11.1 on win32)" generated="20230210 10:06:19.534" rpa="false" schemaversion="3">
<suite id="s1" name="loginEdge" source="c:\Users\juares.junior\Documents\Projetos\MultiVanegadores\Tests\loginEdge.robot">
<test id="s1-t1" name="Cenário: Login com sucesso" line="7">
<kw name="Dado que estou na tela de login no Edge" library="base" sourcename="Dado que estou na tela de login no ${browser}">
<kw name="Open Browser" library="SeleniumLibrary">
<arg>${url}</arg>
<arg>${browser}</arg>
<doc>Opens a new browser instance to the optional ``url``.</doc>
<msg timestamp="20230210 10:06:20.649" level="INFO">Opening browser 'Edge' to base url 'https://the-internet.herokuapp.com/login'.</msg>
<status status="PASS" starttime="20230210 10:06:20.648" endtime="20230210 10:07:39.713"/>
</kw>
<status status="PASS" starttime="20230210 10:06:20.648" endtime="20230210 10:07:39.713"/>
</kw>
<kw name="Quando realizo o login" library="base">
<kw name="Input Text" library="SeleniumLibrary">
<arg>id=username</arg>
<arg>tomsmith</arg>
<doc>Types the given ``text`` into the text field identified by ``locator``.</doc>
<msg timestamp="20230210 10:07:39.716" level="INFO">Typing text 'tomsmith' into text field 'id=username'.</msg>
<status status="PASS" starttime="20230210 10:07:39.714" endtime="20230210 10:07:39.814"/>
</kw>
<kw name="Input Text" library="SeleniumLibrary">
<arg>id=password</arg>
<arg>SuperSecretPassword!</arg>
<doc>Types the given ``text`` into the text field identified by ``locator``.</doc>
<msg timestamp="20230210 10:07:39.815" level="INFO">Typing text 'SuperSecretPassword!' into text field 'id=password'.</msg>
<status status="PASS" starttime="20230210 10:07:39.814" endtime="20230210 10:07:39.929"/>
</kw>
<kw name="Click Button" library="SeleniumLibrary">
<arg>Login</arg>
<doc>Clicks the button identified by ``locator``.</doc>
<msg timestamp="20230210 10:07:39.930" level="INFO">Clicking button 'Login'.</msg>
<status status="PASS" starttime="20230210 10:07:39.930" endtime="20230210 10:07:40.483"/>
</kw>
<status status="PASS" starttime="20230210 10:07:39.714" endtime="20230210 10:07:40.484"/>
</kw>
<kw name="Então devo visualizar a mensagem &quot;You logged into a secure area!&quot;" library="base" sourcename="Então devo visualizar a mensagem &quot;${mensagem}&quot;">
<kw name="Element Text Should Be" library="SeleniumLibrary">
<arg>id=flash</arg>
<arg>You logged into a secure area!\n×</arg>
<doc>Verifies that element ``locator`` contains exact the text ``expected``.</doc>
<msg timestamp="20230210 10:07:40.488" level="INFO">Verifying element 'id=flash' contains exact text 'You logged into a secure area!
×'.</msg>
<status status="PASS" starttime="20230210 10:07:40.486" endtime="20230210 10:07:40.517"/>
</kw>
<status status="PASS" starttime="20230210 10:07:40.485" endtime="20230210 10:07:40.517"/>
</kw>
<status status="PASS" starttime="20230210 10:06:20.647" endtime="20230210 10:07:40.518"/>
</test>
<kw name="Close Browser" library="SeleniumLibrary" type="TEARDOWN">
<doc>Closes the current browser.</doc>
<status status="PASS" starttime="20230210 10:07:40.520" endtime="20230210 10:07:42.841"/>
</kw>
<status status="PASS" starttime="20230210 10:06:19.550" endtime="20230210 10:07:42.842"/>
</suite>
<statistics>
<total>
<stat pass="1" fail="0" skip="0">All Tests</stat>
</total>
<tag>
</tag>
<suite>
<stat pass="1" fail="0" skip="0" id="s1" name="loginEdge">loginEdge</stat>
</suite>
</statistics>
<errors>
</errors>
</robot>
